<?xml version="1.0" encoding="UTF-8"?>
<!-- Generated by org.testng.reporters.JUnitReportReporter -->
<testsuite hostname="DESKTOP-4M1O2A0" failures="0" tests="2" name="TestPractice.TestDay1" time="0.011" errors="0" timestamp="2024-04-02T22:19:45 IST" skipped="0">
  <testcase classname="TestPractice.TestDay1" name="Second" time="0.009"/>
  <system-out/>
  <testcase classname="TestPractice.TestDay1" name="first" time="0.002"/>
  <system-out/>
</testsuite> <!-- TestPractice.TestDay1 -->
